\BOOKMARK [0][-]{section*.3}{Contents}{}% 1
\BOOKMARK [0][-]{chapter.1}{Introduction}{}% 2
\BOOKMARK [1][-]{section.1.1}{The\040Challenge\040of\040Electric\040Vehicle\040Transition}{chapter.1}% 3
\BOOKMARK [1][-]{section.1.2}{Research\040and\040Development\040Questions}{chapter.1}% 4
\BOOKMARK [1][-]{section.1.3}{Research\040Focus\040and\040Methodology}{chapter.1}% 5
\BOOKMARK [1][-]{section.1.4}{Work\040Carried\040Out}{chapter.1}% 6
\BOOKMARK [1][-]{section.1.5}{Internship\040Objectives}{chapter.1}% 7
\BOOKMARK [2][-]{subsection.1.5.1}{Scientific\040and\040Technical\040Skills}{section.1.5}% 8
\BOOKMARK [2][-]{subsection.1.5.2}{Soft\040Skills\040and\040Professional\040Development}{section.1.5}% 9
\BOOKMARK [1][-]{section.1.6}{Report\040Structure}{chapter.1}% 10
\BOOKMARK [2][-]{subsection.1.6.1}{Titre\040de\040la\040sous-section}{section.1.6}% 11
\BOOKMARK [3][-]{subsubsection.1.6.1.1}{Titre\040de\040la\040sous-sous-section}{subsection.1.6.1}% 12
\BOOKMARK [0][-]{chapter.2}{Quelques\040commandes\040utiles}{}% 13
\BOOKMARK [1][-]{section.2.1}{Inclure\040des\040images}{chapter.2}% 14
\BOOKMARK [1][-]{section.2.2}{Listes\040et\040tableaux}{chapter.2}% 15
\BOOKMARK [1][-]{section.2.3}{Insertion\040de\040code\040Python}{chapter.2}% 16
\BOOKMARK [1][-]{section.2.4}{Expressions mathématiques}{chapter.2}% 17
\BOOKMARK [2][-]{subsection.2.4.1}{Théorèmes, propositions, définitions, lemmes, demonstrations...}{section.2.4}% 18
\BOOKMARK [2][-]{subsection.2.4.2}{Equations\040et\040calculs\040sur\040plusieurs\040lignes}{section.2.4}% 19
\BOOKMARK [2][-]{subsection.2.4.3}{Utilisation\040du\040glossaire}{section.2.4}% 20
\BOOKMARK [0][-]{appendix.A}{Annexe}{}% 21
\BOOKMARK [0][-]{appendix*.12}{Bibliography}{}% 22
